18-03-2024 19:12:21 [ INFO] main.py: 34: Work Item Payload: {'report_type': 'EOMPCARD', 'run_date': '03-19-2024', 'send_to_vpos': False, 'user_email': 'dromaniuk@blueoceansp.ai'}
18-03-2024 19:12:21 [ INFO] main.py: 42: Running reports for an specific date: 2024-03-19
18-03-2024 19:12:21 [ INFO] main.py: 20: Directory /Users/macbookpro/PycharmProjects/HighGate_PowerAutomate_Dev/boa_pcard_reporting/resources created locally
18-03-2024 19:12:21 [ INFO] main.py: 20: Directory /Users/macbookpro/PycharmProjects/HighGate_PowerAutomate_Dev/boa_pcard_reporting/resources/rules created locally
18-03-2024 19:12:21 [ INFO] main.py: 20: Directory /Users/macbookpro/PycharmProjects/HighGate_PowerAutomate_Dev/boa_pcard_reporting/resources/downloads created locally
18-03-2024 19:12:21 [ INFO] main.py: 20: Directory /Users/macbookpro/PycharmProjects/HighGate_PowerAutomate_Dev/boa_pcard_reporting/resources/processed created locally
18-03-2024 19:12:21 [ INFO] main.py: 53: Downloading Input files through web automation
18-03-2024 19:12:21 [ INFO] web_automation_steps.py: 57: Initializing Driver in order to star the automated process.
18-03-2024 19:12:21 [ INFO] web_automation_steps.py: 30: Browser download directory set to: /Users/macbookpro/PycharmProjects/HighGate_PowerAutomate_Dev/boa_pcard_reporting/resources/downloads
18-03-2024 19:12:26 [ INFO] web_automation_steps.py: 60: Opening Driver to download all the corresponding reports.
18-03-2024 19:12:31 [ INFO] web_automation_steps.py: 63: Executing automated flow to download desired reports.
18-03-2024 19:12:36 [ INFO] web_automation_steps.py: 75: Downloading report: 01 - EOM Pcard Report
18-03-2024 19:12:59 [ INFO] web_automation_steps.py: 82: Report downloaded successfully.
18-03-2024 19:12:59 [ INFO] web_automation_steps.py: 75: Downloading report: 02 - BI-WeeklyPcard Outstanding - VPO_VPF
18-03-2024 19:13:28 [ INFO] web_automation_steps.py: 82: Report downloaded successfully.
18-03-2024 19:13:28 [ INFO] web_automation_steps.py: 66: Closing Driver after downloading all the corresponding reports.
18-03-2024 19:13:28 [ INFO] main.py: 60: Successfully connected to SharePoint.
18-03-2024 19:13:28 [ INFO] main.py: 61: EOMPCARD report selected. Starting the process.
18-03-2024 19:13:28 [ INFO] main.py: 79: Processing EOM PCARD report generation
18-03-2024 19:13:28 [ INFO] main.py: 81: Creating reports..
18-03-2024 19:13:28 [ INFO] eom_pcard_report_generator.py:116: Reading the newly downloaded reports.
18-03-2024 19:13:28 [ INFO] eom_pcard_report_generator.py:270: Downloading Master file
18-03-2024 19:13:28 [ INFO] sharepoint.py:151: Downloading /sites/Highgate/Shared Documents/02 - BoA PCard Reporting/01 - Rules/Masterfile-Rules.xlsx
18-03-2024 19:13:36 [ INFO] sharepoint.py:163: File downloaded to /Users/macbookpro/PycharmProjects/HighGate_PowerAutomate_Dev/boa_pcard_reporting/resources/rules/Masterfile-Rules.xlsx
18-03-2024 19:13:36 [ INFO] eom_pcard_report_generator.py:120: Matching all credit card numbers with the rule.
18-03-2024 19:13:36 [ INFO] xlsx_interactor.py: 42: Update last 8 of CC as the following cards were not found: ['XXXXXXXXXXXX5437', 'XXXXXXXXXXXX2941', 'XXXXXXXXXXXX2941', 'XXXXXXXXXXXX2941', 'XXXXXXXXXXXX8508', 'XXXXXXXXXXXX4473', 'XXXXXXXXXXXX8613', 'XXXXXXXXXXXX4443', 'XXXXXXXXXXXX8613', 'XXXXXXXXXXXX1307', 'XXXXXXXXXXXX8508', 'XXXXXXXXXXXX6875', 'XXXXXXXXXXXX4977', 'XXXXXXXXXXXX4977', 'XXXXXXXXXXXX8613', 'XXXXXXXXXXXX0704', 'XXXXXXXXXXXX6875', 'XXXXXXXXXXXX1307', 'XXXXXXXXXXXX5352', 'XXXXXXXXXXXX8613', 'XXXXXXXXXXXX8613', 'XXXXXXXXXXXX8613', 'XXXXXXXXXXXX5352', 'XXXXXXXXXXXX2941', 'XXXXXXXXXXXX4473', 'XXXXXXXXXXXX5352', 'XXXXXXXXXXXX5352', 'XXXXXXXXXXXX5352', 'XXXXXXXXXXXX8508', 'XXXXXXXXXXXX0704', 'XXXXXXXXXXXX8613', 'XXXXXXXXXXXX8613', 'XXXXXXXXXXXX3210', 'XXXXXXXXXXXX8613', 'XXXXXXXXXXXX0704', 'XXXXXXXXXXXX5352', 'XXXXXXXXXXXX5352', 'XXXXXXXXXXXX0503', 'XXXXXXXXXXXX1307', 'XXXXXXXXXXXX4977', 'XXXXXXXXXXXX4473', 'XXXXXXXXXXXX8613', 'XXXXXXXXXXXX2941', 'XXXXXXXXXXXX5437', 'XXXXXXXXXXXX8508', 'XXXXXXXXXXXX4473', 'XXXXXXXXXXXX1307', 'XXXXXXXXXXXX4473', 'XXXXXXXXXXXX4473', 'XXXXXXXXXXXX0704', 'XXXXXXXXXXXX0704', 'XXXXXXXXXXXX4473', 'XXXXXXXXXXXX1307', 'XXXXXXXXXXXX0704', 'XXXXXXXXXXXX0503', 'XXXXXXXXXXXX4473', 'XXXXXXXXXXXX5352', 'XXXXXXXXXXXX1307', 'XXXXXXXXXXXX0704', 'XXXXXXXXXXXX1307', 'XXXXXXXXXXXX0704', 'XXXXXXXXXXXX5352', 'XXXXXXXXXXXX8613', 'XXXXXXXXXXXX8613', 'XXXXXXXXXXXX0503', 'XXXXXXXXXXXX0704', 'XXXXXXXXXXXX0704', 'XXXXXXXXXXXX5352', 'XXXXXXXXXXXX4807', 'XXXXXXXXXXXX5352', 'XXXXXXXXXXXX0704', 'XXXXXXXXXXXX8613', 'XXXXXXXXXXXX0704', 'XXXXXXXXXXXX0704', 'XXXXXXXXXXXX5352', 'XXXXXXXXXXXX0704', 'XXXXXXXXXXXX0704', 'XXXXXXXXXXXX4807', 'XXXXXXXXXXXX1307', 'XXXXXXXXXXXX1307', 'XXXXXXXXXXXX4807', 'XXXXXXXXXXXX0704', 'XXXXXXXXXXXX4807', 'XXXXXXXXXXXX0704', 'XXXXXXXXXXXX2941', 'XXXXXXXXXXXX1307', 'XXXXXXXXXXXX1307', 'XXXXXXXXXXXX6783', 'XXXXXXXXXXXX0704', 'XXXXXXXXXXXX4807', 'XXXXXXXXXXXX0704', 'XXXXXXXXXXXX5352', 'XXXXXXXXXXXX2941', 'XXXXXXXXXXXX1307', 'XXXXXXXXXXXX2941', 'XXXXXXXXXXXX2941', 'XXXXXXXXXXXX6783', 'XXXXXXXXXXXX2941', 'XXXXXXXXXXXX2941', 'XXXXXXXXXXXX6783', 'XXXXXXXXXXXX0503', 'XXXXXXXXXXXX0704', 'XXXXXXXXXXXX0503', 'XXXXXXXXXXXX8508', 'XXXXXXXXXXXX0704', 'XXXXXXXXXXXX2941', 'XXXXXXXXXXXX2941', 'XXXXXXXXXXXX4473', 'XXXXXXXXXXXX4473', 'XXXXXXXXXXXX4473', 'XXXXXXXXXXXX4473', 'XXXXXXXXXXXX0704', 'XXXXXXXXXXXX4473', 'XXXXXXXXXXXX4473', 'XXXXXXXXXXXX0704', 'XXXXXXXXXXXX0704', 'XXXXXXXXXXXX0704', 'XXXXXXXXXXXX0503', 'XXXXXXXXXXXX2941', 'XXXXXXXXXXXX2941', 'XXXXXXXXXXXX6783', 'XXXXXXXXXXXX2941', 'XXXXXXXXXXXX6783', 'XXXXXXXXXXXX4473', 'XXXXXXXXXXXX0503', 'XXXXXXXXXXXX2941', 'XXXXXXXXXXXX4807', 'XXXXXXXXXXXX6783', 'XXXXXXXXXXXX6783', 'XXXXXXXXXXXX6783', 'XXXXXXXXXXXX4807', 'XXXXXXXXXXXX4807', 'XXXXXXXXXXXX2941', 'XXXXXXXXXXXX7957', 'XXXXXXXXXXXX4473', 'XXXXXXXXXXXX4807', 'XXXXXXXXXXXX4807', 'XXXXXXXXXXXX0503', 'XXXXXXXXXXXX2941', 'XXXXXXXXXXXX2941', 'XXXXXXXXXXXX7957', 'XXXXXXXXXXXX4807', 'XXXXXXXXXXXX0503', 'XXXXXXXXXXXX0503', 'XXXXXXXXXXXX2941', 'XXXXXXXXXXXX2941', 'XXXXXXXXXXXX4807', 'XXXXXXXXXXXX2004', 'XXXXXXXXXXXX4807', 'XXXXXXXXXXXX7957', 'XXXXXXXXXXXX2004', 'XXXXXXXXXXXX2004', 'XXXXXXXXXXXX2004', 'XXXXXXXXXXXX8508', 'XXXXXXXXXXXX0503', 'XXXXXXXXXXXX0503', 'XXXXXXXXXXXX2941', 'XXXXXXXXXXXX4473', 'XXXXXXXXXXXX4807', 'XXXXXXXXXXXX4807', 'XXXXXXXXXXXX2941', 'XXXXXXXXXXXX4807', 'XXXXXXXXXXXX4807', 'XXXXXXXXXXXX4807', 'XXXXXXXXXXXX4807', 'XXXXXXXXXXXX0503', 'XXXXXXXXXXXX2941', 'XXXXXXXXXXXX2941']
18-03-2024 19:13:36 [ INFO] xlsx_interactor.py: 43: This is a total of 168 unmatched rows from MasterFile (Cards).
18-03-2024 19:13:36 [ INFO] eom_pcard_report_generator.py:123: Creating all the corresponding tabs for General File: 2023 EOM Pcard Report - FS & SS.
18-03-2024 19:13:36 [ INFO] eom_pcard_report_generator.py:126: Creating all the corresponding tabs for Specific Files: 2023 EOM Full Service and 2023 EOM Select Service.
18-03-2024 19:13:36 [ INFO] eom_pcard_report_generator.py:129: Calculating all the total amounts for the reports.
18-03-2024 19:13:36 [ INFO] xlsx_interactor.py:198: Not able to generate the sum of 'Item Total' for the following tab: 'CY Mesa' in 'Select Service EOM Report'.
18-03-2024 19:13:36 [ INFO] xlsx_interactor.py:198: Not able to generate the sum of 'Item Total' for the following tab: 'Lq No West Bank' in 'Select Service EOM Report'.
18-03-2024 19:13:36 [ INFO] eom_pcard_report_generator.py:132: Saving the reports.
18-03-2024 19:13:38 [ INFO] eom_pcard_report_generator.py:135: Applying styles for reports
